<?xml version="1.0" encoding="UTF-8"?>
<Site BuildName="(empty)"
	BuildStamp="20240715-0639-Experimental"
	Name="pohrselvan-idealPad"
	Generator="ctest-3.22.1"
	CompilerName="/usr/bin/c++"
	CompilerVersion="11.4.0"
	OSName="Linux"
	Hostname="pohrselvan-idealPad"
	OSRelease="6.5.0-41-generic"
	OSVersion="#41~22.04.2-Ubuntu SMP PREEMPT_DYNAMIC Mon Jun  3 11:32:55 UTC 2"
	OSPlatform="x86_64"
	Is64Bits="1"
	VendorString="GenuineIntel"
	VendorID="Intel Corporation"
	FamilyID="6"
	ModelID="126"
	ProcessorCacheSize="4096"
	NumberOfLogicalCPU="4"
	NumberOfPhysicalCPU="2"
	TotalVirtualMemory="15231"
	TotalPhysicalMemory="7490"
	LogicalProcessorsPerPhysical="2"
	ProcessorClockFrequency="3400.26"
	>
	<Testing>
		<StartDateTime>Jul 15 12:09 IST</StartDateTime>
		<StartTestTime>1721025560</StartTestTime>
		<TestList/>
		<EndDateTime>Jul 15 12:09 IST</EndDateTime>
		<EndTestTime>1721025560</EndTestTime>
		<ElapsedMinutes>0</ElapsedMinutes>
	</Testing>
</Site>
